This file contains any messages produced by compilers while
running configure, to aid debugging if configure makes a mistake.

It was created by java-lxml configure 0.1, which was
generated by GNU Autoconf 2.69.  Invocation command line was

  $ ./configure 

## --------- ##
## Platform. ##
## --------- ##

hostname = jumpcaught-lm
uname -m = x86_64
uname -r = 13.0.0
uname -s = Darwin
uname -v = Darwin Kernel Version 13.0.0: Thu Sep 19 22:22:27 PDT 2013; root:xnu-2422.1.72~6/RELEASE_X86_64

/usr/bin/uname -p = i386
/bin/uname -X     = unknown

/bin/arch              = unknown
/usr/bin/arch -k       = unknown
/usr/convex/getsysinfo = unknown
/usr/bin/hostinfo      = Mach kernel version:
	 Darwin Kernel Version 13.0.0: Thu Sep 19 22:22:27 PDT 2013; root:xnu-2422.1.72~6/RELEASE_X86_64
Kernel configured for up to 8 processors.
4 processors are physically available.
8 processors are logically available.
Processor type: i486 (Intel 80486)
Processors active: 0 1 2 3 4 5 6 7
Primary memory available: 16.00 gigabytes
Default processor set: 212 tasks, 1069 threads, 8 processors
Load average: 1.34, Mach factor: 6.64
/bin/machine           = unknown
/usr/bin/oslevel       = unknown
/bin/universe          = unknown

PATH: /Users/kailu/ant/bin
PATH: /Applications/mysql/bin
PATH: /usr/local/texlive//2012/bin/universal-darwin
PATH: /opt/local/bin
PATH: /opt/local/sbin
PATH: /opt/local/bin
PATH: /opt/local/sbin
PATH: /opt/local/bin
PATH: /opt/local/sbin
PATH: /Users/kailu/bin
PATH: /usr/bin
PATH: /bin
PATH: /usr/sbin
PATH: /sbin
PATH: /usr/local/bin
PATH: /Users/kailu/maven/bin


## ----------- ##
## Core tests. ##
## ----------- ##

configure:2300: checking for a BSD-compatible install
configure:2368: result: /opt/local/bin/ginstall -c
configure:2379: checking whether build environment is sane
configure:2434: result: yes
configure:2585: checking for a thread-safe mkdir -p
configure:2624: result: /opt/local/bin/gmkdir -p
configure:2631: checking for gawk
configure:2647: found /opt/local/bin/gawk
configure:2658: result: gawk
configure:2669: checking whether make sets $(MAKE)
configure:2691: result: yes
configure:2720: checking whether make supports nested variables
configure:2737: result: yes
configure:2877: checking for g++
configure:2893: found /usr/bin/g++
configure:2904: result: g++
configure:2931: checking for C++ compiler version
configure:2940: g++ --version >&5
Apple LLVM version 5.0 (clang-500.2.79) (based on LLVM 3.3svn)
Target: x86_64-apple-darwin13.0.0
Thread model: posix
Configured with: --prefix=/Applications/Xcode.app/Contents/Developer/usr --with-gxx-include-dir=/Applications/Xcode.app/Contents/Developer/Platforms/MacOSX.platform/Developer/SDKs/MacOSX10.9.sdk/usr/include/c++/4.2.1
configure:2951: $? = 0
configure:2940: g++ -v >&5
Configured with: --prefix=/Applications/Xcode.app/Contents/Developer/usr --with-gxx-include-dir=/Applications/Xcode.app/Contents/Developer/Platforms/MacOSX.platform/Developer/SDKs/MacOSX10.9.sdk/usr/include/c++/4.2.1
Apple LLVM version 5.0 (clang-500.2.79) (based on LLVM 3.3svn)
Target: x86_64-apple-darwin13.0.0
Thread model: posix
configure:2951: $? = 0
configure:2940: g++ -V >&5
clang: error: argument to '-V' is missing (expected 1 value)
clang: error: no input files
configure:2951: $? = 1
configure:2940: g++ -qversion >&5
clang: error: no input files
configure:2951: $? = 1
configure:2971: checking whether the C++ compiler works
configure:2993: g++    conftest.cpp  >&5
configure:2997: $? = 0
configure:3045: result: yes
configure:3048: checking for C++ compiler default output file name
configure:3050: result: a.out
configure:3056: checking for suffix of executables
configure:3063: g++ -o conftest    conftest.cpp  >&5
configure:3067: $? = 0
configure:3089: result: 
configure:3111: checking whether we are cross compiling
configure:3119: g++ -o conftest    conftest.cpp  >&5
configure:3123: $? = 0
configure:3130: ./conftest
configure:3134: $? = 0
configure:3149: result: no
configure:3154: checking for suffix of object files
configure:3176: g++ -c   conftest.cpp >&5
configure:3180: $? = 0
configure:3201: result: o
configure:3205: checking whether we are using the GNU C++ compiler
configure:3224: g++ -c   conftest.cpp >&5
configure:3224: $? = 0
configure:3233: result: yes
configure:3242: checking whether g++ accepts -g
configure:3262: g++ -c -g  conftest.cpp >&5
configure:3262: $? = 0
configure:3303: result: yes
configure:3337: checking for style of include used by make
configure:3365: result: GNU
configure:3391: checking dependency style of g++
configure:3502: result: gcc3
configure:3567: checking for gcc
configure:3583: found /usr/bin/gcc
configure:3594: result: gcc
configure:3823: checking for C compiler version
configure:3832: gcc --version >&5
Apple LLVM version 5.0 (clang-500.2.79) (based on LLVM 3.3svn)
Target: x86_64-apple-darwin13.0.0
Thread model: posix
Configured with: --prefix=/Applications/Xcode.app/Contents/Developer/usr --with-gxx-include-dir=/Applications/Xcode.app/Contents/Developer/Platforms/MacOSX.platform/Developer/SDKs/MacOSX10.9.sdk/usr/include/c++/4.2.1
configure:3843: $? = 0
configure:3832: gcc -v >&5
Configured with: --prefix=/Applications/Xcode.app/Contents/Developer/usr --with-gxx-include-dir=/Applications/Xcode.app/Contents/Developer/Platforms/MacOSX.platform/Developer/SDKs/MacOSX10.9.sdk/usr/include/c++/4.2.1
Apple LLVM version 5.0 (clang-500.2.79) (based on LLVM 3.3svn)
Target: x86_64-apple-darwin13.0.0
Thread model: posix
configure:3843: $? = 0
configure:3832: gcc -V >&5
clang: error: argument to '-V' is missing (expected 1 value)
clang: error: no input files
configure:3843: $? = 1
configure:3832: gcc -qversion >&5
clang: error: no input files
configure:3843: $? = 1
configure:3847: checking whether we are using the GNU C compiler
configure:3866: gcc -c   conftest.c >&5
configure:3866: $? = 0
configure:3875: result: yes
configure:3884: checking whether gcc accepts -g
configure:3904: gcc -c -g  conftest.c >&5
configure:3904: $? = 0
configure:3945: result: yes
configure:3962: checking for gcc option to accept ISO C89
configure:4025: gcc  -c -g -O2  conftest.c >&5
configure:4025: $? = 0
configure:4038: result: none needed
configure:4060: checking dependency style of gcc
configure:4171: result: gcc3
configure:4187: checking for xmlXPathFreeObject in -lxml2
configure:4212: gcc -o conftest -g -O2   conftest.c -lxml2   >&5
configure:4212: $? = 0
configure:4221: result: yes
configure:4238: checking for curl_easy_init in -lcurl
configure:4263: gcc -o conftest -g -O2   conftest.c -lcurl  -lxml2  >&5
configure:4263: $? = 0
configure:4272: result: yes
configure:4319: checking build system type
configure:4333: result: x86_64-apple-darwin13.0.0
configure:4353: checking host system type
configure:4366: result: x86_64-apple-darwin13.0.0
configure:4407: checking how to print strings
configure:4434: result: printf
configure:4455: checking for a sed that does not truncate output
configure:4519: result: /opt/local/bin/gsed
configure:4537: checking for grep that handles long lines and -e
configure:4595: result: /usr/bin/grep
configure:4600: checking for egrep
configure:4662: result: /usr/bin/grep -E
configure:4667: checking for fgrep
configure:4729: result: /usr/bin/grep -F
configure:4764: checking for ld used by gcc
configure:4831: result: /Applications/Xcode.app/Contents/Developer/Toolchains/XcodeDefault.xctoolchain/usr/bin/ld
configure:4838: checking if the linker (/Applications/Xcode.app/Contents/Developer/Toolchains/XcodeDefault.xctoolchain/usr/bin/ld) is GNU ld
configure:4853: result: no
configure:4865: checking for BSD- or MS-compatible name lister (nm)
configure:4914: result: /opt/local/bin/nm
configure:5044: checking the name lister (/opt/local/bin/nm) interface
configure:5051: gcc -c -g -O2  conftest.c >&5
configure:5054: /opt/local/bin/nm "conftest.o"
configure:5057: output
000000000000020c S _some_variable
configure:5064: result: BSD nm
configure:5067: checking whether ln -s works
configure:5071: result: yes
configure:5079: checking the maximum length of command line arguments
configure:5209: result: 196608
configure:5226: checking whether the shell understands some XSI constructs
configure:5236: result: yes
configure:5240: checking whether the shell understands "+="
configure:5246: result: yes
configure:5281: checking how to convert x86_64-apple-darwin13.0.0 file names to x86_64-apple-darwin13.0.0 format
configure:5321: result: func_convert_file_noop
configure:5328: checking how to convert x86_64-apple-darwin13.0.0 file names to toolchain format
configure:5348: result: func_convert_file_noop
configure:5355: checking for /Applications/Xcode.app/Contents/Developer/Toolchains/XcodeDefault.xctoolchain/usr/bin/ld option to reload object files
configure:5362: result: -r
configure:5436: checking for objdump
configure:5466: result: no
configure:5495: checking how to recognize dependent libraries
configure:5697: result: pass_all
configure:5782: checking for dlltool
configure:5812: result: no
configure:5842: checking how to associate runtime and link libraries
configure:5869: result: printf %s\n
configure:5929: checking for ar
configure:5945: found /opt/local/bin/ar
configure:5956: result: ar
configure:5993: checking for archiver @FILE support
configure:6010: gcc -c -g -O2  conftest.c >&5
configure:6010: $? = 0
configure:6013: ar cru libconftest.a @conftest.lst >&5
ar: @conftest.lst: No such file or directory
configure:6016: $? = 1
configure:6036: result: no
configure:6094: checking for strip
configure:6110: found /opt/local/bin/strip
configure:6121: result: strip
configure:6193: checking for ranlib
configure:6209: found /opt/local/bin/ranlib
configure:6220: result: ranlib
configure:6322: checking command to parse /opt/local/bin/nm output from gcc object
configure:6442: gcc -c -g -O2  conftest.c >&5
configure:6445: $? = 0
configure:6449: /opt/local/bin/nm conftest.o \| sed -n -e 's/^.*[ ]\([BCDEGRST][BCDEGRST]*\)[ ][ ]*\([_A-Za-z][_A-Za-z0-9]*\)$/\1 \2 \2/p' | sed '/ __gnu_lto/d' \> conftest.nm
configure:6452: $? = 0
cannot find nm_test_var in conftest.nm
configure:6442: gcc -c -g -O2  conftest.c >&5
configure:6445: $? = 0
configure:6449: /opt/local/bin/nm conftest.o \| sed -n -e 's/^.*[ ]\([BCDEGRST][BCDEGRST]*\)[ ][ ]*_\([_A-Za-z][_A-Za-z0-9]*\)$/\1 _\2 \2/p' | sed '/ __gnu_lto/d' \> conftest.nm
configure:6452: $? = 0
configure:6518: gcc -o conftest -g -O2   conftest.c conftstm.o >&5
configure:6521: $? = 0
configure:6559: result: ok
configure:6596: checking for sysroot
configure:6626: result: no
configure:6882: checking for mt
configure:6912: result: no
configure:6932: checking if : is a manifest tool
configure:6938: : '-?'
configure:6946: result: no
configure:7002: checking for dsymutil
configure:7018: found /usr/bin/dsymutil
configure:7029: result: dsymutil
configure:7094: checking for nmedit
configure:7110: found /opt/local/bin/nmedit
configure:7121: result: nmedit
configure:7186: checking for lipo
configure:7202: found /opt/local/bin/lipo
configure:7213: result: lipo
configure:7278: checking for otool
configure:7294: found /opt/local/bin/otool
configure:7305: result: otool
configure:7370: checking for otool64
configure:7400: result: no
configure:7445: checking for -single_module linker flag
gcc -g -O2  -o libconftest.dylib -dynamiclib -Wl,-single_module conftest.c
configure:7478: result: yes
configure:7481: checking for -exported_symbols_list linker flag
configure:7501: gcc -o conftest -g -O2   -Wl,-exported_symbols_list,conftest.sym conftest.c -lcurl -lxml2  >&5
configure:7501: $? = 0
configure:7511: result: yes
configure:7514: checking for -force_load linker flag
gcc -g -O2 -c -o conftest.o conftest.c
ar cru libconftest.a conftest.o
ranlib libconftest.a
gcc -g -O2  -o conftest conftest.c -Wl,-force_load,./libconftest.a
configure:7546: result: yes
configure:7588: checking how to run the C preprocessor
configure:7619: gcc -E  conftest.c
configure:7619: $? = 0
configure:7633: gcc -E  conftest.c
conftest.c:13:10: fatal error: 'ac_nonexistent.h' file not found
#include <ac_nonexistent.h>
         ^
1 error generated.
configure:7633: $? = 1
configure: failed program was:
| /* confdefs.h */
| #define PACKAGE_NAME "java-lxml"
| #define PACKAGE_TARNAME "java-lxml"
| #define PACKAGE_VERSION "0.1"
| #define PACKAGE_STRING "java-lxml 0.1"
| #define PACKAGE_BUGREPORT "lukai1984@gmail.com"
| #define PACKAGE_URL ""
| #define PACKAGE "java-lxml"
| #define VERSION "0.1"
| #define HAVE_LIBXML2 1
| #define HAVE_LIBCURL 1
| /* end confdefs.h.  */
| #include <ac_nonexistent.h>
configure:7658: result: gcc -E
configure:7678: gcc -E  conftest.c
configure:7678: $? = 0
configure:7692: gcc -E  conftest.c
conftest.c:13:10: fatal error: 'ac_nonexistent.h' file not found
#include <ac_nonexistent.h>
         ^
1 error generated.
configure:7692: $? = 1
configure: failed program was:
| /* confdefs.h */
| #define PACKAGE_NAME "java-lxml"
| #define PACKAGE_TARNAME "java-lxml"
| #define PACKAGE_VERSION "0.1"
| #define PACKAGE_STRING "java-lxml 0.1"
| #define PACKAGE_BUGREPORT "lukai1984@gmail.com"
| #define PACKAGE_URL ""
| #define PACKAGE "java-lxml"
| #define VERSION "0.1"
| #define HAVE_LIBXML2 1
| #define HAVE_LIBCURL 1
| /* end confdefs.h.  */
| #include <ac_nonexistent.h>
configure:7721: checking for ANSI C header files
configure:7741: gcc -c -g -O2  conftest.c >&5
configure:7741: $? = 0
configure:7814: gcc -o conftest -g -O2   conftest.c -lcurl -lxml2  >&5
configure:7814: $? = 0
configure:7814: ./conftest
configure:7814: $? = 0
configure:7825: result: yes
configure:7838: checking for sys/types.h
configure:7838: gcc -c -g -O2  conftest.c >&5
configure:7838: $? = 0
configure:7838: result: yes
configure:7838: checking for sys/stat.h
configure:7838: gcc -c -g -O2  conftest.c >&5
configure:7838: $? = 0
configure:7838: result: yes
configure:7838: checking for stdlib.h
configure:7838: gcc -c -g -O2  conftest.c >&5
configure:7838: $? = 0
configure:7838: result: yes
configure:7838: checking for string.h
configure:7838: gcc -c -g -O2  conftest.c >&5
configure:7838: $? = 0
configure:7838: result: yes
configure:7838: checking for memory.h
configure:7838: gcc -c -g -O2  conftest.c >&5
configure:7838: $? = 0
configure:7838: result: yes
configure:7838: checking for strings.h
configure:7838: gcc -c -g -O2  conftest.c >&5
configure:7838: $? = 0
configure:7838: result: yes
configure:7838: checking for inttypes.h
configure:7838: gcc -c -g -O2  conftest.c >&5
configure:7838: $? = 0
configure:7838: result: yes
configure:7838: checking for stdint.h
configure:7838: gcc -c -g -O2  conftest.c >&5
configure:7838: $? = 0
configure:7838: result: yes
configure:7838: checking for unistd.h
configure:7838: gcc -c -g -O2  conftest.c >&5
configure:7838: $? = 0
configure:7838: result: yes
configure:7852: checking for dlfcn.h
configure:7852: gcc -c -g -O2  conftest.c >&5
configure:7852: $? = 0
configure:7852: result: yes
configure:8069: checking for objdir
configure:8084: result: .libs
configure:8351: checking if gcc supports -fno-rtti -fno-exceptions
configure:8369: gcc -c -g -O2  -fno-rtti -fno-exceptions conftest.c >&5
configure:8373: $? = 0
configure:8386: result: yes
configure:8713: checking for gcc option to produce PIC
configure:8720: result: -fno-common -DPIC
configure:8728: checking if gcc PIC flag -fno-common -DPIC works
configure:8746: gcc -c -g -O2  -fno-common -DPIC -DPIC conftest.c >&5
configure:8750: $? = 0
configure:8763: result: yes
configure:8792: checking if gcc static flag -static works
configure:8820: result: no
configure:8835: checking if gcc supports -c -o file.o
configure:8856: gcc -c -g -O2  -o out/conftest2.o conftest.c >&5
configure:8860: $? = 0
configure:8882: result: yes
configure:8890: checking if gcc supports -c -o file.o
configure:8937: result: yes
configure:8970: checking whether the gcc linker (/Applications/Xcode.app/Contents/Developer/Toolchains/XcodeDefault.xctoolchain/usr/bin/ld) supports shared libraries
configure:10123: result: yes
configure:10363: checking dynamic linker characteristics
configure:11096: result: darwin13.0.0 dyld
configure:11203: checking how to hardcode library paths into programs
configure:11228: result: immediate
configure:11768: checking whether stripping libraries is possible
configure:11782: result: yes
configure:11808: checking if libtool supports shared libraries
configure:11810: result: yes
configure:11813: checking whether to build shared libraries
configure:11834: result: yes
configure:11837: checking whether to build static libraries
configure:11841: result: yes
configure:11864: checking how to run the C++ preprocessor
configure:11891: g++ -E  conftest.cpp
configure:11891: $? = 0
configure:11905: g++ -E  conftest.cpp
conftest.cpp:25:10: fatal error: 'ac_nonexistent.h' file not found
#include <ac_nonexistent.h>
         ^
1 error generated.
configure:11905: $? = 1
configure: failed program was:
| /* confdefs.h */
| #define PACKAGE_NAME "java-lxml"
| #define PACKAGE_TARNAME "java-lxml"
| #define PACKAGE_VERSION "0.1"
| #define PACKAGE_STRING "java-lxml 0.1"
| #define PACKAGE_BUGREPORT "lukai1984@gmail.com"
| #define PACKAGE_URL ""
| #define PACKAGE "java-lxml"
| #define VERSION "0.1"
| #define HAVE_LIBXML2 1
| #define HAVE_LIBCURL 1
| #define STDC_HEADERS 1
| #define HAVE_SYS_TYPES_H 1
| #define HAVE_SYS_STAT_H 1
| #define HAVE_STDLIB_H 1
| #define HAVE_STRING_H 1
| #define HAVE_MEMORY_H 1
| #define HAVE_STRINGS_H 1
| #define HAVE_INTTYPES_H 1
| #define HAVE_STDINT_H 1
| #define HAVE_UNISTD_H 1
| #define HAVE_DLFCN_H 1
| #define LT_OBJDIR ".libs/"
| /* end confdefs.h.  */
| #include <ac_nonexistent.h>
configure:11930: result: g++ -E
configure:11950: g++ -E  conftest.cpp
configure:11950: $? = 0
configure:11964: g++ -E  conftest.cpp
conftest.cpp:25:10: fatal error: 'ac_nonexistent.h' file not found
#include <ac_nonexistent.h>
         ^
1 error generated.
configure:11964: $? = 1
configure: failed program was:
| /* confdefs.h */
| #define PACKAGE_NAME "java-lxml"
| #define PACKAGE_TARNAME "java-lxml"
| #define PACKAGE_VERSION "0.1"
| #define PACKAGE_STRING "java-lxml 0.1"
| #define PACKAGE_BUGREPORT "lukai1984@gmail.com"
| #define PACKAGE_URL ""
| #define PACKAGE "java-lxml"
| #define VERSION "0.1"
| #define HAVE_LIBXML2 1
| #define HAVE_LIBCURL 1
| #define STDC_HEADERS 1
| #define HAVE_SYS_TYPES_H 1
| #define HAVE_SYS_STAT_H 1
| #define HAVE_STDLIB_H 1
| #define HAVE_STRING_H 1
| #define HAVE_MEMORY_H 1
| #define HAVE_STRINGS_H 1
| #define HAVE_INTTYPES_H 1
| #define HAVE_STDINT_H 1
| #define HAVE_UNISTD_H 1
| #define HAVE_DLFCN_H 1
| #define LT_OBJDIR ".libs/"
| /* end confdefs.h.  */
| #include <ac_nonexistent.h>
configure:12133: checking for ld used by g++
configure:12200: result: /Applications/Xcode.app/Contents/Developer/Toolchains/XcodeDefault.xctoolchain/usr/bin/ld
configure:12207: checking if the linker (/Applications/Xcode.app/Contents/Developer/Toolchains/XcodeDefault.xctoolchain/usr/bin/ld) is GNU ld
configure:12222: result: no
configure:12277: checking whether the g++ linker (/Applications/Xcode.app/Contents/Developer/Toolchains/XcodeDefault.xctoolchain/usr/bin/ld) supports shared libraries
configure:13282: result: yes
configure:13318: g++ -c -g -O2  conftest.cpp >&5
configure:13321: $? = 0
configure:13841: checking for g++ option to produce PIC
configure:13848: result: -fno-common -DPIC
configure:13856: checking if g++ PIC flag -fno-common -DPIC works
configure:13874: g++ -c -g -O2  -fno-common -DPIC -DPIC conftest.cpp >&5
configure:13878: $? = 0
configure:13891: result: yes
configure:13914: checking if g++ static flag -static works
configure:13942: result: no
configure:13954: checking if g++ supports -c -o file.o
configure:13975: g++ -c -g -O2  -o out/conftest2.o conftest.cpp >&5
configure:13979: $? = 0
configure:14001: result: yes
configure:14006: checking if g++ supports -c -o file.o
configure:14053: result: yes
configure:14083: checking whether the g++ linker (/Applications/Xcode.app/Contents/Developer/Toolchains/XcodeDefault.xctoolchain/usr/bin/ld) supports shared libraries
configure:14119: result: yes
configure:14260: checking dynamic linker characteristics
configure:14927: result: darwin13.0.0 dyld
configure:14980: checking how to hardcode library paths into programs
configure:15005: result: immediate
configure:15187: checking that generated files are newer than configure
configure:15193: result: done
configure:15220: creating ./config.status

## ---------------------- ##
## Running config.status. ##
## ---------------------- ##

This file was extended by java-lxml config.status 0.1, which was
generated by GNU Autoconf 2.69.  Invocation command line was

  CONFIG_FILES    = 
  CONFIG_HEADERS  = 
  CONFIG_LINKS    = 
  CONFIG_COMMANDS = 
  $ ./config.status 

on jumpcaught-lm

config.status:1142: creating Makefile
config.status:1142: creating config.h
config.status:1323: config.h is unchanged
config.status:1371: executing depfiles commands
config.status:1371: executing libtool commands

## ---------------- ##
## Cache variables. ##
## ---------------- ##

ac_cv_build=x86_64-apple-darwin13.0.0
ac_cv_c_compiler_gnu=yes
ac_cv_cxx_compiler_gnu=yes
ac_cv_env_CCC_set=
ac_cv_env_CCC_value=
ac_cv_env_CC_set=
ac_cv_env_CC_value=
ac_cv_env_CFLAGS_set=
ac_cv_env_CFLAGS_value=
ac_cv_env_CPPFLAGS_set=
ac_cv_env_CPPFLAGS_value=
ac_cv_env_CPP_set=
ac_cv_env_CPP_value=
ac_cv_env_CXXCPP_set=
ac_cv_env_CXXCPP_value=
ac_cv_env_CXXFLAGS_set=
ac_cv_env_CXXFLAGS_value=
ac_cv_env_CXX_set=
ac_cv_env_CXX_value=
ac_cv_env_LDFLAGS_set=
ac_cv_env_LDFLAGS_value=
ac_cv_env_LIBS_set=
ac_cv_env_LIBS_value=
ac_cv_env_build_alias_set=
ac_cv_env_build_alias_value=
ac_cv_env_host_alias_set=
ac_cv_env_host_alias_value=
ac_cv_env_target_alias_set=
ac_cv_env_target_alias_value=
ac_cv_header_dlfcn_h=yes
ac_cv_header_inttypes_h=yes
ac_cv_header_memory_h=yes
ac_cv_header_stdc=yes
ac_cv_header_stdint_h=yes
ac_cv_header_stdlib_h=yes
ac_cv_header_string_h=yes
ac_cv_header_strings_h=yes
ac_cv_header_sys_stat_h=yes
ac_cv_header_sys_types_h=yes
ac_cv_header_unistd_h=yes
ac_cv_host=x86_64-apple-darwin13.0.0
ac_cv_lib_curl_curl_easy_init=yes
ac_cv_lib_xml2_xmlXPathFreeObject=yes
ac_cv_objext=o
ac_cv_path_EGREP='/usr/bin/grep -E'
ac_cv_path_FGREP='/usr/bin/grep -F'
ac_cv_path_GREP=/usr/bin/grep
ac_cv_path_SED=/opt/local/bin/gsed
ac_cv_path_install='/opt/local/bin/ginstall -c'
ac_cv_path_mkdir=/opt/local/bin/gmkdir
ac_cv_prog_AWK=gawk
ac_cv_prog_CPP='gcc -E'
ac_cv_prog_CXXCPP='g++ -E'
ac_cv_prog_ac_ct_AR=ar
ac_cv_prog_ac_ct_CC=gcc
ac_cv_prog_ac_ct_CXX=g++
ac_cv_prog_ac_ct_DSYMUTIL=dsymutil
ac_cv_prog_ac_ct_LIPO=lipo
ac_cv_prog_ac_ct_NMEDIT=nmedit
ac_cv_prog_ac_ct_OTOOL=otool
ac_cv_prog_ac_ct_RANLIB=ranlib
ac_cv_prog_ac_ct_STRIP=strip
ac_cv_prog_cc_c89=
ac_cv_prog_cc_g=yes
ac_cv_prog_cxx_g=yes
ac_cv_prog_make_make_set=yes
am_cv_CC_dependencies_compiler_type=gcc3
am_cv_CXX_dependencies_compiler_type=gcc3
am_cv_make_support_nested_variables=yes
lt_cv_apple_cc_single_mod=yes
lt_cv_ar_at_file=no
lt_cv_deplibs_check_method=pass_all
lt_cv_file_magic_cmd='$MAGIC_CMD'
lt_cv_file_magic_test_file=
lt_cv_ld_exported_symbols_list=yes
lt_cv_ld_force_load=yes
lt_cv_ld_reload_flag=-r
lt_cv_nm_interface='BSD nm'
lt_cv_objdir=.libs
lt_cv_path_LD=/Applications/Xcode.app/Contents/Developer/Toolchains/XcodeDefault.xctoolchain/usr/bin/ld
lt_cv_path_LDCXX=/Applications/Xcode.app/Contents/Developer/Toolchains/XcodeDefault.xctoolchain/usr/bin/ld
lt_cv_path_NM=/opt/local/bin/nm
lt_cv_path_mainfest_tool=no
lt_cv_prog_compiler_c_o=yes
lt_cv_prog_compiler_c_o_CXX=yes
lt_cv_prog_compiler_pic='-fno-common -DPIC'
lt_cv_prog_compiler_pic_CXX='-fno-common -DPIC'
lt_cv_prog_compiler_pic_works=yes
lt_cv_prog_compiler_pic_works_CXX=yes
lt_cv_prog_compiler_rtti_exceptions=yes
lt_cv_prog_compiler_static_works=no
lt_cv_prog_compiler_static_works_CXX=no
lt_cv_prog_gnu_ld=no
lt_cv_prog_gnu_ldcxx=no
lt_cv_sharedlib_from_linklib_cmd='printf %s\n'
lt_cv_sys_global_symbol_pipe='sed -n -e '\''s/^.*[	 ]\([BCDEGRST][BCDEGRST]*\)[	 ][	 ]*_\([_A-Za-z][_A-Za-z0-9]*\)$/\1 _\2 \2/p'\'' | sed '\''/ __gnu_lto/d'\'''
lt_cv_sys_global_symbol_to_c_name_address='sed -n -e '\''s/^: \([^ ]*\)[ ]*$/  {\"\1\", (void *) 0},/p'\'' -e '\''s/^[BCDEGRST]* \([^ ]*\) \([^ ]*\)$/  {"\2", (void *) \&\2},/p'\'''
lt_cv_sys_global_symbol_to_c_name_address_lib_prefix='sed -n -e '\''s/^: \([^ ]*\)[ ]*$/  {\"\1\", (void *) 0},/p'\'' -e '\''s/^[BCDEGRST]* \([^ ]*\) \(lib[^ ]*\)$/  {"\2", (void *) \&\2},/p'\'' -e '\''s/^[BCDEGRST]* \([^ ]*\) \([^ ]*\)$/  {"lib\2", (void *) \&\2},/p'\'''
lt_cv_sys_global_symbol_to_cdecl='sed -n -e '\''s/^T .* \(.*\)$/extern int \1();/p'\'' -e '\''s/^[BCDEGRST]* .* \(.*\)$/extern char \1;/p'\'''
lt_cv_sys_max_cmd_len=196608
lt_cv_to_host_file_cmd=func_convert_file_noop
lt_cv_to_tool_file_cmd=func_convert_file_noop

## ----------------- ##
## Output variables. ##
## ----------------- ##

ACLOCAL='${SHELL} /Users/kailu/java-lxml/src/main/c++/missing aclocal-1.13'
AMDEPBACKSLASH='\'
AMDEP_FALSE='#'
AMDEP_TRUE=''
AMTAR='$${TAR-tar}'
AM_BACKSLASH='\'
AM_DEFAULT_V='$(AM_DEFAULT_VERBOSITY)'
AM_DEFAULT_VERBOSITY='1'
AM_V='$(V)'
AR='ar'
AUTOCONF='${SHELL} /Users/kailu/java-lxml/src/main/c++/missing autoconf'
AUTOHEADER='${SHELL} /Users/kailu/java-lxml/src/main/c++/missing autoheader'
AUTOMAKE='${SHELL} /Users/kailu/java-lxml/src/main/c++/missing automake-1.13'
AWK='gawk'
CC='gcc'
CCDEPMODE='depmode=gcc3'
CFLAGS='-g -O2'
CPP='gcc -E'
CPPFLAGS=''
CXX='g++'
CXXCPP='g++ -E'
CXXDEPMODE='depmode=gcc3'
CXXFLAGS='-g -O2'
CYGPATH_W='echo'
DEFS='-DHAVE_CONFIG_H'
DEPDIR='.deps'
DLLTOOL='false'
DSYMUTIL='dsymutil'
DUMPBIN=''
ECHO_C='\c'
ECHO_N=''
ECHO_T=''
EGREP='/usr/bin/grep -E'
EXEEXT=''
FGREP='/usr/bin/grep -F'
GREP='/usr/bin/grep'
INSTALL_DATA='${INSTALL} -m 644'
INSTALL_PROGRAM='${INSTALL}'
INSTALL_SCRIPT='${INSTALL}'
INSTALL_STRIP_PROGRAM='$(install_sh) -c -s'
LD='/Applications/Xcode.app/Contents/Developer/Toolchains/XcodeDefault.xctoolchain/usr/bin/ld'
LDFLAGS=''
LIBOBJS=''
LIBS='-lcurl -lxml2 '
LIBTOOL='$(SHELL) $(top_builddir)/libtool'
LIPO='lipo'
LN_S='ln -s'
LTLIBOBJS=''
MAKEINFO='${SHELL} /Users/kailu/java-lxml/src/main/c++/missing makeinfo'
MANIFEST_TOOL=':'
MKDIR_P='/opt/local/bin/gmkdir -p'
NM='/opt/local/bin/nm'
NMEDIT='nmedit'
OBJDUMP='false'
OBJEXT='o'
OTOOL64=':'
OTOOL='otool'
PACKAGE='java-lxml'
PACKAGE_BUGREPORT='lukai1984@gmail.com'
PACKAGE_NAME='java-lxml'
PACKAGE_STRING='java-lxml 0.1'
PACKAGE_TARNAME='java-lxml'
PACKAGE_URL=''
PACKAGE_VERSION='0.1'
PATH_SEPARATOR=':'
RANLIB='ranlib'
SED='/opt/local/bin/gsed'
SET_MAKE=''
SHELL='/bin/sh'
STRIP='strip'
VERSION='0.1'
ac_ct_AR='ar'
ac_ct_CC='gcc'
ac_ct_CXX='g++'
ac_ct_DUMPBIN=''
am__EXEEXT_FALSE=''
am__EXEEXT_TRUE='#'
am__fastdepCC_FALSE='#'
am__fastdepCC_TRUE=''
am__fastdepCXX_FALSE='#'
am__fastdepCXX_TRUE=''
am__include='include'
am__isrc=''
am__leading_dot='.'
am__nodep='_no'
am__quote=''
am__tar='$${TAR-tar} chof - "$$tardir"'
am__untar='$${TAR-tar} xf -'
bindir='${exec_prefix}/bin'
build='x86_64-apple-darwin13.0.0'
build_alias=''
build_cpu='x86_64'
build_os='darwin13.0.0'
build_vendor='apple'
datadir='${datarootdir}'
datarootdir='${prefix}/share'
docdir='${datarootdir}/doc/${PACKAGE_TARNAME}'
dvidir='${docdir}'
exec_prefix='${prefix}'
host='x86_64-apple-darwin13.0.0'
host_alias=''
host_cpu='x86_64'
host_os='darwin13.0.0'
host_vendor='apple'
htmldir='${docdir}'
includedir='${prefix}/include'
infodir='${datarootdir}/info'
install_sh='${SHELL} /Users/kailu/java-lxml/src/main/c++/install-sh'
libdir='${exec_prefix}/lib'
libexecdir='${exec_prefix}/libexec'
localedir='${datarootdir}/locale'
localstatedir='${prefix}/var'
mandir='${datarootdir}/man'
mkdir_p='$(MKDIR_P)'
oldincludedir='/usr/include'
pdfdir='${docdir}'
prefix='/usr/local'
program_transform_name='s,x,x,'
psdir='${docdir}'
sbindir='${exec_prefix}/sbin'
sharedstatedir='${prefix}/com'
sysconfdir='${prefix}/etc'
target_alias=''

## ----------- ##
## confdefs.h. ##
## ----------- ##

/* confdefs.h */
#define PACKAGE_NAME "java-lxml"
#define PACKAGE_TARNAME "java-lxml"
#define PACKAGE_VERSION "0.1"
#define PACKAGE_STRING "java-lxml 0.1"
#define PACKAGE_BUGREPORT "lukai1984@gmail.com"
#define PACKAGE_URL ""
#define PACKAGE "java-lxml"
#define VERSION "0.1"
#define HAVE_LIBXML2 1
#define HAVE_LIBCURL 1
#define STDC_HEADERS 1
#define HAVE_SYS_TYPES_H 1
#define HAVE_SYS_STAT_H 1
#define HAVE_STDLIB_H 1
#define HAVE_STRING_H 1
#define HAVE_MEMORY_H 1
#define HAVE_STRINGS_H 1
#define HAVE_INTTYPES_H 1
#define HAVE_STDINT_H 1
#define HAVE_UNISTD_H 1
#define HAVE_DLFCN_H 1
#define LT_OBJDIR ".libs/"

configure: exit 0

## ---------------------- ##
## Running config.status. ##
## ---------------------- ##

This file was extended by java-lxml config.status 0.1, which was
generated by GNU Autoconf 2.69.  Invocation command line was

  CONFIG_FILES    = 
  CONFIG_HEADERS  = 
  CONFIG_LINKS    = 
  CONFIG_COMMANDS = 
  $ ./config.status Makefile depfiles

on jumpcaught-lm

config.status:1142: creating Makefile
config.status:1371: executing depfiles commands
